<?xml version="1.0" encoding="UTF-8"?>
<testng-results skipped="0" failed="1" ignored="1" total="2" passed="0">
  <reporter-output>
  </reporter-output>
  <suite name="Default suite" duration-ms="18642" started-at="2019-07-25T19:13:37Z" finished-at="2019-07-25T19:13:55Z">
    <groups>
    </groups>
    <test name="Default test" duration-ms="18642" started-at="2019-07-25T19:13:37Z" finished-at="2019-07-25T19:13:55Z">
      <class name="Tests.ebayTests">
        <test-method status="PASS" signature="beforClass()[pri:0, instance:Tests.ebayTests@2038ae61]" name="beforClass" is-config="true" duration-ms="7834" started-at="2019-07-25T19:13:37Z" finished-at="2019-07-25T19:13:45Z">
          <reporter-output>
          </reporter-output>
        </test-method> <!-- beforClass -->
        <test-method status="PASS" signature="beforMethod(java.lang.reflect.Method)[pri:0, instance:Tests.ebayTests@2038ae61]" name="beforMethod" is-config="true" duration-ms="4" started-at="2019-07-25T19:13:45Z" finished-at="2019-07-25T19:13:45Z">
          <params>
            <param index="0">
              <value>
                <![CDATA[public void Tests.ebayTests.Test1_searchValue() throws java.io.IOException,javax.xml.parsers.ParserConfigurationException,org.xml.sax.SAXException,org.sikuli.script.FindFailed]]>
              </value>
            </param>
          </params>
          <reporter-output>
          </reporter-output>
        </test-method> <!-- beforMethod -->
        <test-method status="FAIL" signature="Test1_searchValue()[pri:0, instance:Tests.ebayTests@2038ae61]" name="Test1_searchValue" duration-ms="9941" started-at="2019-07-25T19:13:45Z" finished-at="2019-07-25T19:13:54Z">
          <exception class="java.lang.AssertionError">
            <message>
              <![CDATA[failed to find image]]>
            </message>
            <full-stacktrace>
              <![CDATA[java.lang.AssertionError: failed to find image
at org.testng.Assert.fail(Assert.java:96)
at Extensions.verify.image(verify.java:47)
at Tests.ebayTests.Test1_searchValue(ebayTests.java:24)
at sun.reflect.NativeMethodAccessorImpl.invoke0(Native Method)
at sun.reflect.NativeMethodAccessorImpl.invoke(Unknown Source)
at sun.reflect.DelegatingMethodAccessorImpl.invoke(Unknown Source)
at java.lang.reflect.Method.invoke(Unknown Source)
at org.testng.internal.MethodInvocationHelper.invokeMethod(MethodInvocationHelper.java:124)
at org.testng.internal.Invoker.invokeMethod(Invoker.java:583)
at org.testng.internal.Invoker.invokeTestMethod(Invoker.java:719)
at org.testng.internal.Invoker.invokeTestMethods(Invoker.java:989)
at org.testng.internal.TestMethodWorker.invokeTestMethods(TestMethodWorker.java:125)
at org.testng.internal.TestMethodWorker.run(TestMethodWorker.java:109)
at org.testng.TestRunner.privateRun(TestRunner.java:648)
at org.testng.TestRunner.run(TestRunner.java:505)
at org.testng.SuiteRunner.runTest(SuiteRunner.java:455)
at org.testng.SuiteRunner.runSequentially(SuiteRunner.java:450)
at org.testng.SuiteRunner.privateRun(SuiteRunner.java:415)
at org.testng.SuiteRunner.run(SuiteRunner.java:364)
at org.testng.SuiteRunnerWorker.runSuite(SuiteRunnerWorker.java:52)
at org.testng.SuiteRunnerWorker.run(SuiteRunnerWorker.java:84)
at org.testng.TestNG.runSuitesSequentially(TestNG.java:1208)
at org.testng.TestNG.runSuitesLocally(TestNG.java:1137)
at org.testng.TestNG.runSuites(TestNG.java:1049)
at org.testng.TestNG.run(TestNG.java:1017)
at org.testng.remote.AbstractRemoteTestNG.run(AbstractRemoteTestNG.java:115)
at org.testng.remote.RemoteTestNG.initAndRun(RemoteTestNG.java:251)
at org.testng.remote.RemoteTestNG.main(RemoteTestNG.java:77)
]]>
            </full-stacktrace>
          </exception> <!-- java.lang.AssertionError -->
          <reporter-output>
          </reporter-output>
        </test-method> <!-- Test1_searchValue -->
        <test-method status="PASS" signature="afterMethod()[pri:0, instance:Tests.ebayTests@2038ae61]" name="afterMethod" is-config="true" duration-ms="1" started-at="2019-07-25T19:13:54Z" finished-at="2019-07-25T19:13:54Z">
          <reporter-output>
          </reporter-output>
        </test-method> <!-- afterMethod -->
        <test-method status="PASS" signature="afterClass()[pri:0, instance:Tests.ebayTests@2038ae61]" name="afterClass" is-config="true" duration-ms="846" started-at="2019-07-25T19:13:54Z" finished-at="2019-07-25T19:13:55Z">
          <reporter-output>
          </reporter-output>
        </test-method> <!-- afterClass -->
      </class> <!-- Tests.ebayTests -->
    </test> <!-- Default test -->
  </suite> <!-- Default suite -->
</testng-results>
